<?xml version="1.0" encoding="UTF-8"?>
<testsuite xmlns:xsi="http://www.w3.org/2001/XMLSchema-instance" xsi:noNamespaceSchemaLocation="https://maven.apache.org/surefire/maven-surefire-plugin/xsd/surefire-test-report-3.0.xsd" version="3.0" name="cucumber.Options.TestRunner" time="14.354" tests="7" errors="0" skipped="0" failures="0">
  <properties>
[...]
</properties>
  <testcase name="Verify user is able to register RTTI General and Driver  successfully using register API #1" classname="Registartion of  users" time="4.31">
    <system-out><![CDATA[/register
]]></system-out>
  </testcase>
  <testcase name="Verify user is able to register RTTI General and Driver  successfully using register API #2" classname="Registartion of  users" time="1.687">
    <system-out><![CDATA[/register
]]></system-out>
  </testcase>
  <testcase name="Verify user is able to register ATruck CDL and Non CDL driver successfully using register API #1" classname="Registartion of  users" time="1.615">
    <system-out><![CDATA[/register
]]></system-out>
  </testcase>
  <testcase name="Verify user is able to register ATruck CDL and Non CDL driver successfully using register API #2" classname="Registartion of  users" time="1.53">
    <system-out><![CDATA[/register
]]></system-out>
  </testcase>
  <testcase name="Verify user is able to register DOT Driver  successfully using register API #1" classname="Registartion of  users" time="1.561">
    <system-out><![CDATA[/register
]]></system-out>
  </testcase>
  <testcase name="Verify user is able to register DOT Driver  successfully using register API #2" classname="Registartion of  users" time="1.537">
    <system-out><![CDATA[/register
]]></system-out>
  </testcase>
  <testcase name="Verify user is able to register DOT Driver  successfully using register API #3" classname="Registartion of  users" time="1.542">
    <system-out><![CDATA[/register
]]></system-out>
  </testcase>
</testsuite>